<?xml version="1.0" encoding="UTF-8"?>
<testng-results ignored="0" total="0" passed="0" failed="0" skipped="0">
  <reporter-output>
    <line>
      <![CDATA[Extent Report DirectoryC:\Users\munna\InteliiJ\abcd-GitHub-test-project\test-output\html]]>
    </line>
  </reporter-output>
  <suite started-at="2023-03-08T01:53:01 EST" name="Default Suite" finished-at="2023-03-08T01:53:01 EST" duration-ms="14">
    <groups>
    </groups>
    <test started-at="2023-03-08T01:53:01 EST" name="abcd-GitHub-test-project" finished-at="2023-03-08T01:53:01 EST" duration-ms="14">
      <class name="base.CommonAPI">
        <test-method is-config="true" signature="extentSetup(org.testng.ITestContext)[pri:0, instance:base.CommonAPI@4bef0fe3]" started-at="2023-03-08T01:53:01 EST" name="extentSetup" finished-at="2023-03-08T01:53:01 EST" duration-ms="107" status="PASS">
          <params>
            <param index="0">
              <value>
                <![CDATA[org.testng.TestRunner@547c04c4]]>
              </value>
            </param>
          </params>
          <reporter-output>
            <line>
              <![CDATA[Extent Report DirectoryC:\Users\munna\InteliiJ\abcd-GitHub-test-project\test-output\html]]>
            </line>
          </reporter-output>
        </test-method> <!-- extentSetup -->
        <test-method is-config="true" signature="generateReport()[pri:0, instance:base.CommonAPI@4bef0fe3]" started-at="2023-03-08T01:53:01 EST" name="generateReport" finished-at="2023-03-08T01:53:01 EST" duration-ms="163" status="PASS">
          <reporter-output>
          </reporter-output>
        </test-method> <!-- generateReport -->
      </class> <!-- base.CommonAPI -->
    </test> <!-- abcd-GitHub-test-project -->
  </suite> <!-- Default Suite -->
</testng-results>
